<?xml version="1.0" encoding="UTF-8"?>
<!-- Generated by org.testng.reporters.JUnitXMLReporter -->
<testsuite ignored="0" hostname="LAPTOP-RO4BTAG3" failures="3" tests="4" name="Login page test(failed)" time="24.456" errors="0" timestamp="2023-10-16T00:52:57 IST">
  <testcase classname="com.guru99bank.testcases.TC_01_Verify_login_with_vaild_username_password" name="logintest" time="1.184"/>
  <testcase classname="com.guru99bank.testcases.TC_01_verify_login_with_username_password_DDT" name="LoginDDT" time="1.42">
    <failure type="java.lang.AssertionError" message="expected [true] but found [false]">
      <![CDATA[java.lang.AssertionError: expected [true] but found [false]
at com.guru99bank.testcases.TC_01_verify_login_with_username_password_DDT.LoginDDT(TC_01_verify_login_with_username_password_DDT.java:25)
at java.base/java.util.ArrayList.forEach(ArrayList.java:1511)
... Removed 31 stack frames]]>
    </failure>
  </testcase> <!-- LoginDDT -->
  <testcase classname="com.guru99bank.testcases.TC_01_verify_login_with_username_password_DDT" name="LoginDDT" time="1.367">
    <failure type="java.lang.AssertionError" message="expected [true] but found [false]">
      <![CDATA[java.lang.AssertionError: expected [true] but found [false]
at com.guru99bank.testcases.TC_01_verify_login_with_username_password_DDT.LoginDDT(TC_01_verify_login_with_username_password_DDT.java:25)
at java.base/java.util.ArrayList.forEach(ArrayList.java:1511)
... Removed 31 stack frames]]>
    </failure>
  </testcase> <!-- LoginDDT -->
  <testcase classname="com.guru99bank.testcases.TC_01_verify_login_with_username_password_DDT" name="LoginDDT" time="1.462">
    <failure type="java.lang.AssertionError" message="expected [true] but found [false]">
      <![CDATA[java.lang.AssertionError: expected [true] but found [false]
at com.guru99bank.testcases.TC_01_verify_login_with_username_password_DDT.LoginDDT(TC_01_verify_login_with_username_password_DDT.java:25)
at java.base/java.util.ArrayList.forEach(ArrayList.java:1511)
... Removed 31 stack frames]]>
    </failure>
  </testcase> <!-- LoginDDT -->
</testsuite> <!-- Login page test(failed) -->
