<?xml version="1.0" encoding="UTF-8"?>
<testsuite xmlns:xsi="http://www.w3.org/2001/XMLSchema-instance" xsi:noNamespaceSchemaLocation="https://maven.apache.org/surefire/maven-surefire-plugin/xsd/surefire-test-report-3.0.xsd" version="3.0" name="TestSuite" time="24.27" tests="2" errors="0" skipped="0" failures="0">
  <properties>
[...]
</properties>
  <testcase name="logintest" classname="com.guru99bank.testcases.TC_01_Verify_login_with_vaild_username_password" time="1.472">
    <system-out><![CDATA[Guru99Bank - Username entered
Guru99Bank - password entered
Guru99Bank - Clicked on Login submit
Guru99Bank - ---------------test passed------------------
]]></system-out>
    <system-err><![CDATA[SLF4J: Failed to load class "org.slf4j.impl.StaticLoggerBinder".
SLF4J: Defaulting to no-operation (NOP) logger implementation
SLF4J: See http://www.slf4j.org/codes.html#StaticLoggerBinder for further details.
]]></system-err>
  </testcase>
  <testcase name="addNewCustomerPage" classname="com.guru99bank.testcases.TC_02_Add_new_customers" time="10.03">
    <system-out><![CDATA[Guru99Bank - Username entered
Guru99Bank - passowrd entered
Guru99Bank - login submit clicked
Guru99Bank - Customer name entered
Guru99Bank - gender radio buttonn clicked
Guru99Bank - DOB entered
Guru99Bank - Address entered
Guru99Bank - City entered
Guru99Bank - State entered
Guru99Bank - PIN NO entered
Guru99Bank - TEL NO entered
Guru99Bank - Email entered
Guru99Bank - Customer password entered
Guru99Bank - customer account created submit clicked
Guru99Bank - -------------------test passed-----------------
]]></system-out>
  </testcase>
</testsuite>