<?xml version="1.0" encoding="UTF-8"?>
<testng-results ignored="0" total="2" passed="2" failed="0" skipped="0">
  <reporter-output>
  </reporter-output>
  <suite started-at="2023-10-20T13:25:20 IST" name="guru99bank login suite" finished-at="2023-10-20T13:25:54 IST" duration-ms="34370">
    <groups>
    </groups>
    <test started-at="2023-10-20T13:25:20 IST" name="Login page test" finished-at="2023-10-20T13:25:54 IST" duration-ms="34370">
      <class name="com.guru99bank.testcases.TC_02_Add_new_customers">
        <test-method is-config="true" signature="setup(java.lang.String)[pri:0, instance:com.guru99bank.testcases.TC_02_Add_new_customers@6399551e]" started-at="2023-10-20T13:25:34 IST" name="setup" finished-at="2023-10-20T13:25:44 IST" duration-ms="9294" status="PASS">
          <params>
            <param index="0">
              <value>
                <![CDATA[chrome]]>
              </value>
            </param>
          </params>
          <reporter-output>
          </reporter-output>
        </test-method> <!-- setup -->
        <test-method signature="addNewCustomerPage()[pri:0, instance:com.guru99bank.testcases.TC_02_Add_new_customers@6399551e]" started-at="2023-10-20T13:25:44 IST" name="addNewCustomerPage" finished-at="2023-10-20T13:25:54 IST" duration-ms="10380" status="PASS">
          <reporter-output>
          </reporter-output>
        </test-method> <!-- addNewCustomerPage -->
        <test-method is-config="true" signature="teardown()[pri:0, instance:com.guru99bank.testcases.TC_02_Add_new_customers@6399551e]" started-at="2023-10-20T13:25:54 IST" name="teardown" finished-at="2023-10-20T13:25:54 IST" duration-ms="126" status="PASS">
          <reporter-output>
          </reporter-output>
        </test-method> <!-- teardown -->
      </class> <!-- com.guru99bank.testcases.TC_02_Add_new_customers -->
      <class name="com.guru99bank.testcases.TC_01_Verify_login_with_vaild_username_password">
        <test-method is-config="true" signature="setup(java.lang.String)[pri:0, instance:com.guru99bank.testcases.TC_01_Verify_login_with_vaild_username_password@2d6764b2]" started-at="2023-10-20T13:25:20 IST" name="setup" finished-at="2023-10-20T13:25:33 IST" duration-ms="12625" status="PASS">
          <params>
            <param index="0">
              <value>
                <![CDATA[chrome]]>
              </value>
            </param>
          </params>
          <reporter-output>
          </reporter-output>
        </test-method> <!-- setup -->
        <test-method signature="logintest()[pri:0, instance:com.guru99bank.testcases.TC_01_Verify_login_with_vaild_username_password@2d6764b2]" started-at="2023-10-20T13:25:33 IST" name="logintest" finished-at="2023-10-20T13:25:34 IST" duration-ms="1660" status="PASS">
          <reporter-output>
          </reporter-output>
        </test-method> <!-- logintest -->
        <test-method is-config="true" signature="teardown()[pri:0, instance:com.guru99bank.testcases.TC_01_Verify_login_with_vaild_username_password@2d6764b2]" started-at="2023-10-20T13:25:34 IST" name="teardown" finished-at="2023-10-20T13:25:34 IST" duration-ms="128" status="PASS">
          <reporter-output>
          </reporter-output>
        </test-method> <!-- teardown -->
      </class> <!-- com.guru99bank.testcases.TC_01_Verify_login_with_vaild_username_password -->
    </test> <!-- Login page test -->
  </suite> <!-- guru99bank login suite -->
</testng-results>
