<?xml version="1.0" encoding="UTF-8"?>
<!-- Generated by org.testng.reporters.JUnitXMLReporter -->
<testsuite ignored="0" hostname="LAPTOP-RO4BTAG3" failures="7" tests="8" name="Login page test" time="41.262" errors="0" timestamp="2023-11-07T18:48:07 IST">
  <testcase classname="com.guru99bank.testcases.TC_01_Verify_login_with_vaild_username_password" name="logintest" time="1.445">
    <failure type="java.lang.AssertionError" message="expected [true] but found [false]">
      <![CDATA[java.lang.AssertionError: expected [true] but found [false]
at com.guru99bank.testcases.TC_01_Verify_login_with_vaild_username_password.logintest(TC_01_Verify_login_with_vaild_username_password.java:34)
at java.base/java.util.ArrayList.forEach(ArrayList.java:1511)
... Removed 31 stack frames]]>
    </failure>
  </testcase> <!-- logintest -->
  <testcase classname="com.guru99bank.testcases.TC_01_verify_login_with_username_password_DDT" name="LoginDDT" time="1.584">
    <failure type="java.lang.AssertionError" message="expected [true] but found [false]">
      <![CDATA[java.lang.AssertionError: expected [true] but found [false]
at com.guru99bank.testcases.TC_01_verify_login_with_username_password_DDT.LoginDDT(TC_01_verify_login_with_username_password_DDT.java:26)
at java.base/java.util.ArrayList.forEach(ArrayList.java:1511)
... Removed 31 stack frames]]>
    </failure>
  </testcase> <!-- LoginDDT -->
  <testcase classname="com.guru99bank.testcases.TC_01_verify_login_with_username_password_DDT" name="LoginDDT" time="1.887">
    <failure type="java.lang.AssertionError" message="expected [true] but found [false]">
      <![CDATA[java.lang.AssertionError: expected [true] but found [false]
at com.guru99bank.testcases.TC_01_verify_login_with_username_password_DDT.LoginDDT(TC_01_verify_login_with_username_password_DDT.java:26)
at java.base/java.util.ArrayList.forEach(ArrayList.java:1511)
... Removed 31 stack frames]]>
    </failure>
  </testcase> <!-- LoginDDT -->
  <testcase classname="com.guru99bank.testcases.TC_01_verify_login_with_username_password_DDT" name="LoginDDT" time="1.627">
    <failure type="java.lang.AssertionError" message="expected [true] but found [false]">
      <![CDATA[java.lang.AssertionError: expected [true] but found [false]
at com.guru99bank.testcases.TC_01_verify_login_with_username_password_DDT.LoginDDT(TC_01_verify_login_with_username_password_DDT.java:26)
at java.base/java.util.ArrayList.forEach(ArrayList.java:1511)
... Removed 31 stack frames]]>
    </failure>
  </testcase> <!-- LoginDDT -->
  <testcase classname="com.guru99bank.testcases.TC_01_verify_login_with_username_password_DDT" name="LoginDDT" time="1.702">
    <failure type="java.lang.AssertionError" message="expected [true] but found [false]">
      <![CDATA[java.lang.AssertionError: expected [true] but found [false]
at com.guru99bank.testcases.TC_01_verify_login_with_username_password_DDT.LoginDDT(TC_01_verify_login_with_username_password_DDT.java:26)
at java.base/java.util.ArrayList.forEach(ArrayList.java:1511)
... Removed 31 stack frames]]>
    </failure>
  </testcase> <!-- LoginDDT -->
  <testcase classname="com.guru99bank.testcases.TC_01_verify_login_with_username_password_DDT" name="LoginDDT" time="1.614">
    <failure type="java.lang.AssertionError" message="expected [true] but found [false]">
      <![CDATA[java.lang.AssertionError: expected [true] but found [false]
at com.guru99bank.testcases.TC_01_verify_login_with_username_password_DDT.LoginDDT(TC_01_verify_login_with_username_password_DDT.java:26)
at java.base/java.util.ArrayList.forEach(ArrayList.java:1511)
... Removed 31 stack frames]]>
    </failure>
  </testcase> <!-- LoginDDT -->
  <testcase classname="com.guru99bank.testcases.TC_01_verify_login_with_username_password_DDT" name="LoginDDT" time="1.583">
    <failure type="java.lang.AssertionError" message="expected [true] but found [false]">
      <![CDATA[java.lang.AssertionError: expected [true] but found [false]
at com.guru99bank.testcases.TC_01_verify_login_with_username_password_DDT.LoginDDT(TC_01_verify_login_with_username_password_DDT.java:26)
at java.base/java.util.ArrayList.forEach(ArrayList.java:1511)
... Removed 31 stack frames]]>
    </failure>
  </testcase> <!-- LoginDDT -->
  <testcase classname="com.guru99bank.testcases.TC_02_Add_new_customers" name="addNewCustomerPage" time="13.304"/>
</testsuite> <!-- Login page test -->
