<?xml version="1.0" encoding="UTF-8"?>
<!-- Generated by org.testng.reporters.JUnitXMLReporter -->
<testsuite ignored="0" hostname="LAPTOP-RO4BTAG3" failures="0" tests="2" name="Login page test" time="23.07" errors="0" timestamp="2023-11-05T00:41:23 IST">
  <testcase classname="com.guru99bank.testcases.TC_01_Verify_login_with_vaild_username_password" name="logintest" time="1.473"/>
  <testcase classname="com.guru99bank.testcases.TC_02_Add_new_customers" name="addNewCustomerPage" time="10.027"/>
</testsuite> <!-- Login page test -->
